2026-04-01 14:19:01,342 INFO [app] VK daily scheduler started
2026-04-01 14:23:56,981 INFO [app] VK daily scheduler started
2026-04-01 14:25:05,365 INFO [app] VK daily scheduler started
2026-04-01 14:27:01,095 INFO [app] VK daily scheduler started
2026-04-01 14:31:36,664 INFO [app] VK daily scheduler started
2026-04-01 14:33:32,135 INFO [app] VK daily scheduler started
2026-04-01 16:04:30,507 WARNING [app] Suspicious HTTP response: status=400 method=POST path=/graphql user=anonymous ip=139.59.136.184
2026-04-01 16:04:30,614 WARNING [app] Suspicious HTTP response: status=400 method=POST path=/api user=anonymous ip=139.59.136.184
2026-04-01 16:04:30,736 WARNING [app] Suspicious HTTP response: status=400 method=POST path=/api/graphql user=anonymous ip=139.59.136.184
2026-04-01 16:04:30,858 WARNING [app] Suspicious HTTP response: status=400 method=POST path=/graphql/api user=anonymous ip=139.59.136.184
2026-04-01 16:04:30,971 WARNING [app] Suspicious HTTP response: status=400 method=POST path=/api/gql user=anonymous ip=139.59.136.184
2026-04-01 16:04:31,046 WARNING [app] Suspicious HTTP response: status=400 method=POST path=/graphql user=anonymous ip=159.89.12.166
2026-04-01 16:04:31,978 WARNING [app] Suspicious HTTP response: status=400 method=POST path=/api user=anonymous ip=159.89.12.166
2026-04-01 16:04:32,396 WARNING [app] Suspicious HTTP response: status=400 method=POST path=/api/graphql user=anonymous ip=159.89.12.166
2026-04-01 16:04:32,974 WARNING [app] Suspicious HTTP response: status=400 method=POST path=/graphql/api user=anonymous ip=159.89.12.166
2026-04-01 16:04:33,408 WARNING [app] Suspicious HTTP response: status=400 method=POST path=/api/gql user=anonymous ip=159.89.12.166
2026-04-01 16:41:31,858 INFO [app] VK daily scheduler started
2026-04-01 16:41:31,944 INFO [app] VK daily scheduler started
2026-04-01 16:41:31,982 INFO [app] VK daily scheduler started
2026-04-01 16:51:09,917 INFO [app] VK daily scheduler started
2026-04-01 16:51:09,919 INFO [app] VK daily scheduler started
2026-04-01 16:51:09,927 INFO [app] VK daily scheduler started
2026-04-01 16:57:38,876 ERROR [app] Unhandled Flask exception: method=GET path=/budget user=vhudoverdiev ip=95.164.123.169
Traceback (most recent call last):
  File "/root/shans-app/venv/lib/python3.10/site-packages/flask/app.py", line 917, in full_dispatch_request
  File "/root/shans-app/venv/lib/python3.10/site-packages/flask/app.py", line 902, in dispatch_request
  File "/root/shans-app/venv/lib/python3.10/site-packages/flask_login/utils.py", line 290, in decorated_view
  File "/root/shans-app/app/routes.py", line 840, in budget
  File "/root/shans-app/venv/lib/python3.10/site-packages/flask/templating.py", line 150, in render_template
  File "/root/shans-app/venv/lib/python3.10/site-packages/jinja2/environment.py", line 1087, in get_or_select_template
  File "/root/shans-app/venv/lib/python3.10/site-packages/jinja2/environment.py", line 1016, in get_template
  File "/root/shans-app/venv/lib/python3.10/site-packages/jinja2/environment.py", line 975, in _load_template
  File "/root/shans-app/venv/lib/python3.10/site-packages/jinja2/loaders.py", line 126, in load
  File "/root/shans-app/venv/lib/python3.10/site-packages/flask/templating.py", line 66, in get_source
  File "/root/shans-app/venv/lib/python3.10/site-packages/flask/templating.py", line 100, in _get_source_fast
jinja2.exceptions.TemplateNotFound: budget.html
2026-04-01 16:57:38,878 ERROR [app] Exception on /budget [GET]
Traceback (most recent call last):
  File "/root/shans-app/venv/lib/python3.10/site-packages/flask/app.py", line 1511, in wsgi_app
  File "/root/shans-app/venv/lib/python3.10/site-packages/flask/app.py", line 919, in full_dispatch_request
  File "/root/shans-app/venv/lib/python3.10/site-packages/flask/app.py", line 809, in handle_user_exception
  File "/root/shans-app/app/logging_setup.py", line 158, in handle_unexpected_error
  File "/root/shans-app/venv/lib/python3.10/site-packages/flask/app.py", line 917, in full_dispatch_request
  File "/root/shans-app/venv/lib/python3.10/site-packages/flask/app.py", line 902, in dispatch_request
  File "/root/shans-app/venv/lib/python3.10/site-packages/flask_login/utils.py", line 290, in decorated_view
  File "/root/shans-app/app/routes.py", line 840, in budget
  File "/root/shans-app/venv/lib/python3.10/site-packages/flask/templating.py", line 150, in render_template
  File "/root/shans-app/venv/lib/python3.10/site-packages/jinja2/environment.py", line 1087, in get_or_select_template
  File "/root/shans-app/venv/lib/python3.10/site-packages/jinja2/environment.py", line 1016, in get_template
  File "/root/shans-app/venv/lib/python3.10/site-packages/jinja2/environment.py", line 975, in _load_template
  File "/root/shans-app/venv/lib/python3.10/site-packages/jinja2/loaders.py", line 126, in load
  File "/root/shans-app/venv/lib/python3.10/site-packages/flask/templating.py", line 66, in get_source
  File "/root/shans-app/venv/lib/python3.10/site-packages/flask/templating.py", line 100, in _get_source_fast
jinja2.exceptions.TemplateNotFound: budget.html
2026-04-01 16:57:38,885 WARNING [app] Suspicious HTTP response: status=500 method=GET path=/budget user=vhudoverdiev ip=95.164.123.169
2026-04-01 16:57:41,683 ERROR [app] Unhandled Flask exception: method=GET path=/car user=vhudoverdiev ip=95.164.123.169
Traceback (most recent call last):
  File "/root/shans-app/venv/lib/python3.10/site-packages/flask/app.py", line 917, in full_dispatch_request
  File "/root/shans-app/venv/lib/python3.10/site-packages/flask/app.py", line 902, in dispatch_request
  File "/root/shans-app/venv/lib/python3.10/site-packages/flask_login/utils.py", line 290, in decorated_view
  File "/root/shans-app/app/routes.py", line 1513, in car
  File "/root/shans-app/venv/lib/python3.10/site-packages/flask/templating.py", line 150, in render_template
  File "/root/shans-app/venv/lib/python3.10/site-packages/jinja2/environment.py", line 1087, in get_or_select_template
  File "/root/shans-app/venv/lib/python3.10/site-packages/jinja2/environment.py", line 1016, in get_template
  File "/root/shans-app/venv/lib/python3.10/site-packages/jinja2/environment.py", line 975, in _load_template
  File "/root/shans-app/venv/lib/python3.10/site-packages/jinja2/loaders.py", line 126, in load
  File "/root/shans-app/venv/lib/python3.10/site-packages/flask/templating.py", line 66, in get_source
  File "/root/shans-app/venv/lib/python3.10/site-packages/flask/templating.py", line 100, in _get_source_fast
jinja2.exceptions.TemplateNotFound: car.html
2026-04-01 16:57:41,685 ERROR [app] Exception on /car [GET]
Traceback (most recent call last):
  File "/root/shans-app/venv/lib/python3.10/site-packages/flask/app.py", line 1511, in wsgi_app
  File "/root/shans-app/venv/lib/python3.10/site-packages/flask/app.py", line 919, in full_dispatch_request
  File "/root/shans-app/venv/lib/python3.10/site-packages/flask/app.py", line 809, in handle_user_exception
  File "/root/shans-app/app/logging_setup.py", line 158, in handle_unexpected_error
  File "/root/shans-app/venv/lib/python3.10/site-packages/flask/app.py", line 917, in full_dispatch_request
  File "/root/shans-app/venv/lib/python3.10/site-packages/flask/app.py", line 902, in dispatch_request
  File "/root/shans-app/venv/lib/python3.10/site-packages/flask_login/utils.py", line 290, in decorated_view
  File "/root/shans-app/app/routes.py", line 1513, in car
  File "/root/shans-app/venv/lib/python3.10/site-packages/flask/templating.py", line 150, in render_template
  File "/root/shans-app/venv/lib/python3.10/site-packages/jinja2/environment.py", line 1087, in get_or_select_template
  File "/root/shans-app/venv/lib/python3.10/site-packages/jinja2/environment.py", line 1016, in get_template
  File "/root/shans-app/venv/lib/python3.10/site-packages/jinja2/environment.py", line 975, in _load_template
  File "/root/shans-app/venv/lib/python3.10/site-packages/jinja2/loaders.py", line 126, in load
  File "/root/shans-app/venv/lib/python3.10/site-packages/flask/templating.py", line 66, in get_source
  File "/root/shans-app/venv/lib/python3.10/site-packages/flask/templating.py", line 100, in _get_source_fast
jinja2.exceptions.TemplateNotFound: car.html
2026-04-01 16:57:41,687 WARNING [app] Suspicious HTTP response: status=500 method=GET path=/car user=vhudoverdiev ip=95.164.123.169
2026-04-01 17:01:37,465 ERROR [app] Unhandled Flask exception: method=GET path=/login user=anonymous ip=176.97.111.163
Traceback (most recent call last):
  File "/root/shans-app/venv/lib/python3.10/site-packages/flask/app.py", line 917, in full_dispatch_request
  File "/root/shans-app/venv/lib/python3.10/site-packages/flask/app.py", line 902, in dispatch_request
  File "/root/shans-app/app/routes.py", line 816, in login
  File "/root/shans-app/venv/lib/python3.10/site-packages/flask/templating.py", line 150, in render_template
  File "/root/shans-app/venv/lib/python3.10/site-packages/jinja2/environment.py", line 1087, in get_or_select_template
  File "/root/shans-app/venv/lib/python3.10/site-packages/jinja2/environment.py", line 1016, in get_template
  File "/root/shans-app/venv/lib/python3.10/site-packages/jinja2/environment.py", line 975, in _load_template
  File "/root/shans-app/venv/lib/python3.10/site-packages/jinja2/loaders.py", line 126, in load
  File "/root/shans-app/venv/lib/python3.10/site-packages/flask/templating.py", line 66, in get_source
  File "/root/shans-app/venv/lib/python3.10/site-packages/flask/templating.py", line 100, in _get_source_fast
jinja2.exceptions.TemplateNotFound: login.html
2026-04-01 17:01:37,467 ERROR [app] Exception on /login [GET]
Traceback (most recent call last):
  File "/root/shans-app/venv/lib/python3.10/site-packages/flask/app.py", line 1511, in wsgi_app
  File "/root/shans-app/venv/lib/python3.10/site-packages/flask/app.py", line 919, in full_dispatch_request
  File "/root/shans-app/venv/lib/python3.10/site-packages/flask/app.py", line 809, in handle_user_exception
  File "/root/shans-app/app/logging_setup.py", line 158, in handle_unexpected_error
  File "/root/shans-app/venv/lib/python3.10/site-packages/flask/app.py", line 917, in full_dispatch_request
  File "/root/shans-app/venv/lib/python3.10/site-packages/flask/app.py", line 902, in dispatch_request
  File "/root/shans-app/app/routes.py", line 816, in login
  File "/root/shans-app/venv/lib/python3.10/site-packages/flask/templating.py", line 150, in render_template
  File "/root/shans-app/venv/lib/python3.10/site-packages/jinja2/environment.py", line 1087, in get_or_select_template
  File "/root/shans-app/venv/lib/python3.10/site-packages/jinja2/environment.py", line 1016, in get_template
  File "/root/shans-app/venv/lib/python3.10/site-packages/jinja2/environment.py", line 975, in _load_template
  File "/root/shans-app/venv/lib/python3.10/site-packages/jinja2/loaders.py", line 126, in load
  File "/root/shans-app/venv/lib/python3.10/site-packages/flask/templating.py", line 66, in get_source
  File "/root/shans-app/venv/lib/python3.10/site-packages/flask/templating.py", line 100, in _get_source_fast
jinja2.exceptions.TemplateNotFound: login.html
2026-04-01 17:01:37,469 WARNING [app] Suspicious HTTP response: status=500 method=GET path=/login user=anonymous ip=176.97.111.163
2026-04-01 17:01:51,730 ERROR [app] Unhandled Flask exception: method=GET path=/login user=anonymous ip=176.97.111.163
Traceback (most recent call last):
  File "/root/shans-app/venv/lib/python3.10/site-packages/flask/app.py", line 917, in full_dispatch_request
  File "/root/shans-app/venv/lib/python3.10/site-packages/flask/app.py", line 902, in dispatch_request
  File "/root/shans-app/app/routes.py", line 816, in login
  File "/root/shans-app/venv/lib/python3.10/site-packages/flask/templating.py", line 150, in render_template
  File "/root/shans-app/venv/lib/python3.10/site-packages/jinja2/environment.py", line 1087, in get_or_select_template
  File "/root/shans-app/venv/lib/python3.10/site-packages/jinja2/environment.py", line 1016, in get_template
  File "/root/shans-app/venv/lib/python3.10/site-packages/jinja2/environment.py", line 975, in _load_template
  File "/root/shans-app/venv/lib/python3.10/site-packages/jinja2/loaders.py", line 126, in load
  File "/root/shans-app/venv/lib/python3.10/site-packages/flask/templating.py", line 66, in get_source
  File "/root/shans-app/venv/lib/python3.10/site-packages/flask/templating.py", line 100, in _get_source_fast
jinja2.exceptions.TemplateNotFound: login.html
2026-04-01 17:01:51,733 ERROR [app] Exception on /login [GET]
Traceback (most recent call last):
  File "/root/shans-app/venv/lib/python3.10/site-packages/flask/app.py", line 1511, in wsgi_app
  File "/root/shans-app/venv/lib/python3.10/site-packages/flask/app.py", line 919, in full_dispatch_request
  File "/root/shans-app/venv/lib/python3.10/site-packages/flask/app.py", line 809, in handle_user_exception
  File "/root/shans-app/app/logging_setup.py", line 158, in handle_unexpected_error
  File "/root/shans-app/venv/lib/python3.10/site-packages/flask/app.py", line 917, in full_dispatch_request
  File "/root/shans-app/venv/lib/python3.10/site-packages/flask/app.py", line 902, in dispatch_request
  File "/root/shans-app/app/routes.py", line 816, in login
  File "/root/shans-app/venv/lib/python3.10/site-packages/flask/templating.py", line 150, in render_template
  File "/root/shans-app/venv/lib/python3.10/site-packages/jinja2/environment.py", line 1087, in get_or_select_template
  File "/root/shans-app/venv/lib/python3.10/site-packages/jinja2/environment.py", line 1016, in get_template
  File "/root/shans-app/venv/lib/python3.10/site-packages/jinja2/environment.py", line 975, in _load_template
  File "/root/shans-app/venv/lib/python3.10/site-packages/jinja2/loaders.py", line 126, in load
  File "/root/shans-app/venv/lib/python3.10/site-packages/flask/templating.py", line 66, in get_source
  File "/root/shans-app/venv/lib/python3.10/site-packages/flask/templating.py", line 100, in _get_source_fast
jinja2.exceptions.TemplateNotFound: login.html
2026-04-01 17:01:51,735 WARNING [app] Suspicious HTTP response: status=500 method=GET path=/login user=anonymous ip=176.97.111.163
2026-04-01 17:04:13,702 ERROR [app] Unhandled Flask exception: method=GET path=/ user=vhudoverdiev ip=95.164.123.169
Traceback (most recent call last):
  File "/root/shans-app/venv/lib/python3.10/site-packages/flask/app.py", line 917, in full_dispatch_request
  File "/root/shans-app/venv/lib/python3.10/site-packages/flask/app.py", line 902, in dispatch_request
  File "/root/shans-app/venv/lib/python3.10/site-packages/flask_login/utils.py", line 290, in decorated_view
  File "/root/shans-app/app/routes.py", line 786, in index
  File "/root/shans-app/venv/lib/python3.10/site-packages/flask/templating.py", line 150, in render_template
  File "/root/shans-app/venv/lib/python3.10/site-packages/jinja2/environment.py", line 1087, in get_or_select_template
  File "/root/shans-app/venv/lib/python3.10/site-packages/jinja2/environment.py", line 1016, in get_template
  File "/root/shans-app/venv/lib/python3.10/site-packages/jinja2/environment.py", line 975, in _load_template
  File "/root/shans-app/venv/lib/python3.10/site-packages/jinja2/loaders.py", line 126, in load
  File "/root/shans-app/venv/lib/python3.10/site-packages/flask/templating.py", line 66, in get_source
  File "/root/shans-app/venv/lib/python3.10/site-packages/flask/templating.py", line 100, in _get_source_fast
jinja2.exceptions.TemplateNotFound: index.html
2026-04-01 17:04:13,704 ERROR [app] Exception on / [GET]
Traceback (most recent call last):
  File "/root/shans-app/venv/lib/python3.10/site-packages/flask/app.py", line 1511, in wsgi_app
  File "/root/shans-app/venv/lib/python3.10/site-packages/flask/app.py", line 919, in full_dispatch_request
  File "/root/shans-app/venv/lib/python3.10/site-packages/flask/app.py", line 809, in handle_user_exception
  File "/root/shans-app/app/logging_setup.py", line 158, in handle_unexpected_error
  File "/root/shans-app/venv/lib/python3.10/site-packages/flask/app.py", line 917, in full_dispatch_request
  File "/root/shans-app/venv/lib/python3.10/site-packages/flask/app.py", line 902, in dispatch_request
  File "/root/shans-app/venv/lib/python3.10/site-packages/flask_login/utils.py", line 290, in decorated_view
  File "/root/shans-app/app/routes.py", line 786, in index
  File "/root/shans-app/venv/lib/python3.10/site-packages/flask/templating.py", line 150, in render_template
  File "/root/shans-app/venv/lib/python3.10/site-packages/jinja2/environment.py", line 1087, in get_or_select_template
  File "/root/shans-app/venv/lib/python3.10/site-packages/jinja2/environment.py", line 1016, in get_template
  File "/root/shans-app/venv/lib/python3.10/site-packages/jinja2/environment.py", line 975, in _load_template
  File "/root/shans-app/venv/lib/python3.10/site-packages/jinja2/loaders.py", line 126, in load
  File "/root/shans-app/venv/lib/python3.10/site-packages/flask/templating.py", line 66, in get_source
  File "/root/shans-app/venv/lib/python3.10/site-packages/flask/templating.py", line 100, in _get_source_fast
jinja2.exceptions.TemplateNotFound: index.html
2026-04-01 17:04:13,706 WARNING [app] Suspicious HTTP response: status=500 method=GET path=/ user=vhudoverdiev ip=95.164.123.169
2026-04-01 17:04:20,998 ERROR [app] Unhandled Flask exception: method=GET path=/ user=vhudoverdiev ip=95.164.123.169
Traceback (most recent call last):
  File "/root/shans-app/venv/lib/python3.10/site-packages/flask/app.py", line 917, in full_dispatch_request
  File "/root/shans-app/venv/lib/python3.10/site-packages/flask/app.py", line 902, in dispatch_request
  File "/root/shans-app/venv/lib/python3.10/site-packages/flask_login/utils.py", line 290, in decorated_view
  File "/root/shans-app/app/routes.py", line 786, in index
  File "/root/shans-app/venv/lib/python3.10/site-packages/flask/templating.py", line 150, in render_template
  File "/root/shans-app/venv/lib/python3.10/site-packages/jinja2/environment.py", line 1087, in get_or_select_template
  File "/root/shans-app/venv/lib/python3.10/site-packages/jinja2/environment.py", line 1016, in get_template
  File "/root/shans-app/venv/lib/python3.10/site-packages/jinja2/environment.py", line 975, in _load_template
  File "/root/shans-app/venv/lib/python3.10/site-packages/jinja2/loaders.py", line 126, in load
  File "/root/shans-app/venv/lib/python3.10/site-packages/flask/templating.py", line 66, in get_source
  File "/root/shans-app/venv/lib/python3.10/site-packages/flask/templating.py", line 100, in _get_source_fast
jinja2.exceptions.TemplateNotFound: index.html
2026-04-01 17:04:21,000 ERROR [app] Exception on / [GET]
Traceback (most recent call last):
  File "/root/shans-app/venv/lib/python3.10/site-packages/flask/app.py", line 1511, in wsgi_app
  File "/root/shans-app/venv/lib/python3.10/site-packages/flask/app.py", line 919, in full_dispatch_request
  File "/root/shans-app/venv/lib/python3.10/site-packages/flask/app.py", line 809, in handle_user_exception
  File "/root/shans-app/app/logging_setup.py", line 158, in handle_unexpected_error
  File "/root/shans-app/venv/lib/python3.10/site-packages/flask/app.py", line 917, in full_dispatch_request
  File "/root/shans-app/venv/lib/python3.10/site-packages/flask/app.py", line 902, in dispatch_request
  File "/root/shans-app/venv/lib/python3.10/site-packages/flask_login/utils.py", line 290, in decorated_view
  File "/root/shans-app/app/routes.py", line 786, in index
  File "/root/shans-app/venv/lib/python3.10/site-packages/flask/templating.py", line 150, in render_template
  File "/root/shans-app/venv/lib/python3.10/site-packages/jinja2/environment.py", line 1087, in get_or_select_template
  File "/root/shans-app/venv/lib/python3.10/site-packages/jinja2/environment.py", line 1016, in get_template
  File "/root/shans-app/venv/lib/python3.10/site-packages/jinja2/environment.py", line 975, in _load_template
  File "/root/shans-app/venv/lib/python3.10/site-packages/jinja2/loaders.py", line 126, in load
  File "/root/shans-app/venv/lib/python3.10/site-packages/flask/templating.py", line 66, in get_source
  File "/root/shans-app/venv/lib/python3.10/site-packages/flask/templating.py", line 100, in _get_source_fast
jinja2.exceptions.TemplateNotFound: index.html
2026-04-01 17:04:21,002 WARNING [app] Suspicious HTTP response: status=500 method=GET path=/ user=vhudoverdiev ip=95.164.123.169
2026-04-01 17:04:24,109 ERROR [app] Unhandled Flask exception: method=GET path=/ user=vhudoverdiev ip=95.164.123.169
Traceback (most recent call last):
  File "/root/shans-app/venv/lib/python3.10/site-packages/flask/app.py", line 917, in full_dispatch_request
  File "/root/shans-app/venv/lib/python3.10/site-packages/flask/app.py", line 902, in dispatch_request
  File "/root/shans-app/venv/lib/python3.10/site-packages/flask_login/utils.py", line 290, in decorated_view
  File "/root/shans-app/app/routes.py", line 786, in index
  File "/root/shans-app/venv/lib/python3.10/site-packages/flask/templating.py", line 150, in render_template
  File "/root/shans-app/venv/lib/python3.10/site-packages/jinja2/environment.py", line 1087, in get_or_select_template
  File "/root/shans-app/venv/lib/python3.10/site-packages/jinja2/environment.py", line 1016, in get_template
  File "/root/shans-app/venv/lib/python3.10/site-packages/jinja2/environment.py", line 975, in _load_template
  File "/root/shans-app/venv/lib/python3.10/site-packages/jinja2/loaders.py", line 126, in load
  File "/root/shans-app/venv/lib/python3.10/site-packages/flask/templating.py", line 66, in get_source
  File "/root/shans-app/venv/lib/python3.10/site-packages/flask/templating.py", line 100, in _get_source_fast
jinja2.exceptions.TemplateNotFound: index.html
2026-04-01 17:04:24,111 ERROR [app] Exception on / [GET]
Traceback (most recent call last):
  File "/root/shans-app/venv/lib/python3.10/site-packages/flask/app.py", line 1511, in wsgi_app
  File "/root/shans-app/venv/lib/python3.10/site-packages/flask/app.py", line 919, in full_dispatch_request
  File "/root/shans-app/venv/lib/python3.10/site-packages/flask/app.py", line 809, in handle_user_exception
  File "/root/shans-app/app/logging_setup.py", line 158, in handle_unexpected_error
  File "/root/shans-app/venv/lib/python3.10/site-packages/flask/app.py", line 917, in full_dispatch_request
  File "/root/shans-app/venv/lib/python3.10/site-packages/flask/app.py", line 902, in dispatch_request
  File "/root/shans-app/venv/lib/python3.10/site-packages/flask_login/utils.py", line 290, in decorated_view
  File "/root/shans-app/app/routes.py", line 786, in index
  File "/root/shans-app/venv/lib/python3.10/site-packages/flask/templating.py", line 150, in render_template
  File "/root/shans-app/venv/lib/python3.10/site-packages/jinja2/environment.py", line 1087, in get_or_select_template
  File "/root/shans-app/venv/lib/python3.10/site-packages/jinja2/environment.py", line 1016, in get_template
  File "/root/shans-app/venv/lib/python3.10/site-packages/jinja2/environment.py", line 975, in _load_template
  File "/root/shans-app/venv/lib/python3.10/site-packages/jinja2/loaders.py", line 126, in load
  File "/root/shans-app/venv/lib/python3.10/site-packages/flask/templating.py", line 66, in get_source
  File "/root/shans-app/venv/lib/python3.10/site-packages/flask/templating.py", line 100, in _get_source_fast
jinja2.exceptions.TemplateNotFound: index.html
2026-04-01 17:04:24,113 WARNING [app] Suspicious HTTP response: status=500 method=GET path=/ user=vhudoverdiev ip=95.164.123.169
2026-04-01 17:04:25,786 ERROR [app] Unhandled Flask exception: method=GET path=/ user=vhudoverdiev ip=95.164.123.169
Traceback (most recent call last):
  File "/root/shans-app/venv/lib/python3.10/site-packages/flask/app.py", line 917, in full_dispatch_request
  File "/root/shans-app/venv/lib/python3.10/site-packages/flask/app.py", line 902, in dispatch_request
  File "/root/shans-app/venv/lib/python3.10/site-packages/flask_login/utils.py", line 290, in decorated_view
  File "/root/shans-app/app/routes.py", line 786, in index
  File "/root/shans-app/venv/lib/python3.10/site-packages/flask/templating.py", line 150, in render_template
  File "/root/shans-app/venv/lib/python3.10/site-packages/jinja2/environment.py", line 1087, in get_or_select_template
  File "/root/shans-app/venv/lib/python3.10/site-packages/jinja2/environment.py", line 1016, in get_template
  File "/root/shans-app/venv/lib/python3.10/site-packages/jinja2/environment.py", line 975, in _load_template
  File "/root/shans-app/venv/lib/python3.10/site-packages/jinja2/loaders.py", line 126, in load
  File "/root/shans-app/venv/lib/python3.10/site-packages/flask/templating.py", line 66, in get_source
  File "/root/shans-app/venv/lib/python3.10/site-packages/flask/templating.py", line 100, in _get_source_fast
jinja2.exceptions.TemplateNotFound: index.html
2026-04-01 17:04:25,788 ERROR [app] Exception on / [GET]
Traceback (most recent call last):
  File "/root/shans-app/venv/lib/python3.10/site-packages/flask/app.py", line 1511, in wsgi_app
  File "/root/shans-app/venv/lib/python3.10/site-packages/flask/app.py", line 919, in full_dispatch_request
  File "/root/shans-app/venv/lib/python3.10/site-packages/flask/app.py", line 809, in handle_user_exception
  File "/root/shans-app/app/logging_setup.py", line 158, in handle_unexpected_error
  File "/root/shans-app/venv/lib/python3.10/site-packages/flask/app.py", line 917, in full_dispatch_request
  File "/root/shans-app/venv/lib/python3.10/site-packages/flask/app.py", line 902, in dispatch_request
  File "/root/shans-app/venv/lib/python3.10/site-packages/flask_login/utils.py", line 290, in decorated_view
  File "/root/shans-app/app/routes.py", line 786, in index
  File "/root/shans-app/venv/lib/python3.10/site-packages/flask/templating.py", line 150, in render_template
  File "/root/shans-app/venv/lib/python3.10/site-packages/jinja2/environment.py", line 1087, in get_or_select_template
  File "/root/shans-app/venv/lib/python3.10/site-packages/jinja2/environment.py", line 1016, in get_template
  File "/root/shans-app/venv/lib/python3.10/site-packages/jinja2/environment.py", line 975, in _load_template
  File "/root/shans-app/venv/lib/python3.10/site-packages/jinja2/loaders.py", line 126, in load
  File "/root/shans-app/venv/lib/python3.10/site-packages/flask/templating.py", line 66, in get_source
  File "/root/shans-app/venv/lib/python3.10/site-packages/flask/templating.py", line 100, in _get_source_fast
jinja2.exceptions.TemplateNotFound: index.html
2026-04-01 17:04:25,789 WARNING [app] Suspicious HTTP response: status=500 method=GET path=/ user=vhudoverdiev ip=95.164.123.169
2026-04-01 17:04:28,446 ERROR [app] Unhandled Flask exception: method=GET path=/ user=vhudoverdiev ip=95.164.123.169
Traceback (most recent call last):
  File "/root/shans-app/venv/lib/python3.10/site-packages/flask/app.py", line 917, in full_dispatch_request
  File "/root/shans-app/venv/lib/python3.10/site-packages/flask/app.py", line 902, in dispatch_request
  File "/root/shans-app/venv/lib/python3.10/site-packages/flask_login/utils.py", line 290, in decorated_view
  File "/root/shans-app/app/routes.py", line 786, in index
  File "/root/shans-app/venv/lib/python3.10/site-packages/flask/templating.py", line 150, in render_template
  File "/root/shans-app/venv/lib/python3.10/site-packages/jinja2/environment.py", line 1087, in get_or_select_template
  File "/root/shans-app/venv/lib/python3.10/site-packages/jinja2/environment.py", line 1016, in get_template
  File "/root/shans-app/venv/lib/python3.10/site-packages/jinja2/environment.py", line 975, in _load_template
  File "/root/shans-app/venv/lib/python3.10/site-packages/jinja2/loaders.py", line 126, in load
  File "/root/shans-app/venv/lib/python3.10/site-packages/flask/templating.py", line 66, in get_source
  File "/root/shans-app/venv/lib/python3.10/site-packages/flask/templating.py", line 100, in _get_source_fast
jinja2.exceptions.TemplateNotFound: index.html
2026-04-01 17:04:28,449 ERROR [app] Exception on / [GET]
Traceback (most recent call last):
  File "/root/shans-app/venv/lib/python3.10/site-packages/flask/app.py", line 1511, in wsgi_app
  File "/root/shans-app/venv/lib/python3.10/site-packages/flask/app.py", line 919, in full_dispatch_request
  File "/root/shans-app/venv/lib/python3.10/site-packages/flask/app.py", line 809, in handle_user_exception
  File "/root/shans-app/app/logging_setup.py", line 158, in handle_unexpected_error
  File "/root/shans-app/venv/lib/python3.10/site-packages/flask/app.py", line 917, in full_dispatch_request
  File "/root/shans-app/venv/lib/python3.10/site-packages/flask/app.py", line 902, in dispatch_request
  File "/root/shans-app/venv/lib/python3.10/site-packages/flask_login/utils.py", line 290, in decorated_view
  File "/root/shans-app/app/routes.py", line 786, in index
  File "/root/shans-app/venv/lib/python3.10/site-packages/flask/templating.py", line 150, in render_template
  File "/root/shans-app/venv/lib/python3.10/site-packages/jinja2/environment.py", line 1087, in get_or_select_template
  File "/root/shans-app/venv/lib/python3.10/site-packages/jinja2/environment.py", line 1016, in get_template
  File "/root/shans-app/venv/lib/python3.10/site-packages/jinja2/environment.py", line 975, in _load_template
  File "/root/shans-app/venv/lib/python3.10/site-packages/jinja2/loaders.py", line 126, in load
  File "/root/shans-app/venv/lib/python3.10/site-packages/flask/templating.py", line 66, in get_source
  File "/root/shans-app/venv/lib/python3.10/site-packages/flask/templating.py", line 100, in _get_source_fast
jinja2.exceptions.TemplateNotFound: index.html
2026-04-01 17:04:28,451 WARNING [app] Suspicious HTTP response: status=500 method=GET path=/ user=vhudoverdiev ip=95.164.123.169
2026-04-01 17:20:55,322 INFO [app] VK daily scheduler started
2026-04-01 17:20:55,440 INFO [app] VK daily scheduler started
2026-04-01 17:20:55,455 INFO [app] VK daily scheduler started
2026-04-01 19:13:37,093 WARNING [app] Suspicious HTTP response: status=400 method=POST path=/hello.world user=anonymous ip=206.189.236.77
2026-04-01 19:13:37,472 WARNING [app] Suspicious HTTP response: status=400 method=POST path=/ user=anonymous ip=206.189.236.77
2026-04-11 20:05:35,806 INFO [app] VK daily scheduler started
2026-04-11 20:10:15,377 INFO [app] VK daily scheduler started
2026-04-11 20:12:36,060 INFO [app] VK daily scheduler started
2026-04-11 20:12:57,398 INFO [app] VK daily scheduler started
2026-04-11 20:14:59,704 INFO [app] VK daily scheduler started
2026-04-11 20:15:39,112 INFO [app] VK daily scheduler started
2026-04-11 20:16:24,805 INFO [app] VK daily scheduler started
2026-04-11 20:22:18,812 INFO [app] VK daily scheduler started
2026-04-11 21:00:13,758 INFO [app] VK daily scheduler started
